c:\users\lenovo\documents\visual studio 2013\projects\brown2.3\brown2.3\debug\vc120.pdb
c:\users\lenovo\documents\visual studio 2013\projects\brown2.3\brown2.3\debug\vc120.idb
c:\users\lenovo\documents\visual studio 2013\projects\brown2.3\brown2.3\debug\goboard.obj
c:\users\lenovo\documents\visual studio 2013\projects\brown2.3\brown2.3\debug\gtp.obj
c:\users\lenovo\documents\visual studio 2013\projects\brown2.3\brown2.3\debug\brown.obj
c:\users\lenovo\documents\visual studio 2013\projects\brown2.3\brown2.3\debug\main.obj
c:\users\lenovo\documents\visual studio 2013\projects\brown2.3\brown2.3\debug\uctsearch.obj
c:\users\lenovo\documents\visual studio 2013\projects\brown2.3\brown2.3\debug\uct_simulator.obj
c:\users\lenovo\desktop\围棋ai中期_undecidable\new3\brown2.3\brown2.3\debug\vc120.pdb
c:\users\lenovo\desktop\围棋ai中期_undecidable\new3\brown2.3\brown2.3\debug\vc120.idb
c:\users\lenovo\desktop\围棋ai中期_undecidable\new3\brown2.3\brown2.3\debug\goboard.obj
c:\users\lenovo\desktop\围棋ai中期_undecidable\new3\brown2.3\brown2.3\debug\gtp.obj
c:\users\lenovo\desktop\围棋ai中期_undecidable\new3\brown2.3\brown2.3\debug\brown.obj
c:\users\lenovo\desktop\围棋ai中期_undecidable\new3\brown2.3\brown2.3\debug\main.obj
c:\users\lenovo\desktop\围棋ai中期_undecidable\new3\brown2.3\brown2.3\debug\mc_rave_search.obj
c:\users\lenovo\desktop\围棋ai中期_undecidable\new3\brown2.3\brown2.3\debug\uctsearch.obj
c:\users\lenovo\desktop\围棋ai中期_undecidable\new3\brown2.3\brown2.3\debug\uct_simulator.obj
c:\users\lenovo\desktop\围棋ai中期_undecidable\new4\brown2.3\brown2.3\debug\vc120.pdb
c:\users\lenovo\desktop\围棋ai中期_undecidable\new4\brown2.3\brown2.3\debug\vc120.idb
c:\users\lenovo\desktop\围棋ai中期_undecidable\new4\brown2.3\brown2.3\debug\goboard.obj
c:\users\lenovo\desktop\围棋ai中期_undecidable\new4\brown2.3\brown2.3\debug\gtp.obj
c:\users\lenovo\desktop\围棋ai中期_undecidable\new4\brown2.3\brown2.3\debug\brown.obj
c:\users\lenovo\desktop\围棋ai中期_undecidable\new4\brown2.3\brown2.3\debug\main.obj
c:\users\lenovo\desktop\围棋ai中期_undecidable\new4\brown2.3\brown2.3\debug\mc_rave_search.obj
c:\users\lenovo\desktop\围棋ai中期_undecidable\new4\brown2.3\brown2.3\debug\uctsearch.obj
c:\users\lenovo\desktop\围棋ai中期_undecidable\new4\brown2.3\brown2.3\debug\uct_simulator.obj
c:\users\lenovo\documents\visual studio 2013\projects\brown2.3\debug\brown2.3.ilk
c:\users\lenovo\documents\visual studio 2013\projects\brown2.3\debug\brown2.3.exe
c:\users\lenovo\documents\visual studio 2013\projects\brown2.3\debug\brown2.3.pdb
c:\users\lenovo\desktop\围棋ai中期_undecidable\new3\brown2.3\debug\brown2.3.ilk
c:\users\lenovo\desktop\围棋ai中期_undecidable\new3\brown2.3\debug\brown2.3.exe
c:\users\lenovo\desktop\围棋ai中期_undecidable\new3\brown2.3\debug\brown2.3.pdb
c:\users\lenovo\desktop\围棋ai中期_undecidable\new4\brown2.3\debug\brown2.3.ilk
c:\users\lenovo\desktop\围棋ai中期_undecidable\new4\brown2.3\debug\brown2.3.exe
c:\users\lenovo\desktop\围棋ai中期_undecidable\new4\brown2.3\debug\brown2.3.pdb
c:\users\lenovo\desktop\围棋ai中期_undecidable\new4\brown2.3\brown2.3\debug\brown2.3.tlog\cl.command.1.tlog
c:\users\lenovo\desktop\围棋ai中期_undecidable\new4\brown2.3\brown2.3\debug\brown2.3.tlog\cl.read.1.tlog
c:\users\lenovo\desktop\围棋ai中期_undecidable\new4\brown2.3\brown2.3\debug\brown2.3.tlog\cl.write.1.tlog
c:\users\lenovo\desktop\围棋ai中期_undecidable\new4\brown2.3\brown2.3\debug\brown2.3.tlog\link.command.1.tlog
c:\users\lenovo\desktop\围棋ai中期_undecidable\new4\brown2.3\brown2.3\debug\brown2.3.tlog\link.read.1.tlog
c:\users\lenovo\desktop\围棋ai中期_undecidable\new4\brown2.3\brown2.3\debug\brown2.3.tlog\link.write.1.tlog
