生成启动时间为 2014/1/9 8:36:04。
     1>项目“C:\Users\lenovo\Desktop\围棋AI期末汇总_undecidable\Brown2.3\Brown2.3\Brown2.3.vcxproj”在节点 2 上(Build 个目标)。
     1>ClCompile:
         D:\Program Files (x86)\Microsoft Visual Studio 12.0\VC\bin\CL.exe /c /Zi /nologo /W3 /WX- /sdl /O2 /Oi /Oy- /GL /D _MBCS /Gm- /EHsc /MD /GS /Gy /fp:precise /Zc:wchar_t /Zc:forScope /Fo"Release\\" /Fd"Release\vc120.pdb" /Gd /TP /analyze- /errorReport:prompt MC_RAVE_Search.cpp
         MC_RAVE_Search.cpp
     1>c:\users\lenovo\desktop\围棋ai期末汇总_undecidable\brown2.3\brown2.3\MC_RAVE_Search.h(20): warning C4244: “参数”: 从“float”转换到“uint32”，可能丢失数据
       Link:
         D:\Program Files (x86)\Microsoft Visual Studio 12.0\VC\bin\link.exe /ERRORREPORT:PROMPT /OUT:"C:\Users\lenovo\Desktop\围棋AI期末汇总_undecidable\Brown2.3\Release\Brown2.3.exe" /NOLOGO kernel32.lib user32.lib gdi32.lib winspool.lib comdlg32.lib advapi32.lib shell32.lib ole32.lib oleaut32.lib uuid.lib odbc32.lib odbccp32.lib /MANIFEST /MANIFESTUAC:"level='asInvoker' uiAccess='false'" /manifest:embed /DEBUG /PDB:"C:\Users\lenovo\Desktop\围棋AI期末汇总_undecidable\Brown2.3\Release\Brown2.3.pdb" /OPT:REF /OPT:ICF /LTCG /TLBID:1 /DYNAMICBASE /NXCOMPAT /IMPLIB:"C:\Users\lenovo\Desktop\围棋AI期末汇总_undecidable\Brown2.3\Release\Brown2.3.lib" /MACHINE:X86 /SAFESEH Release\ComplexEvaluator.obj
         Release\FastBoard.obj
         Release\GoBoard.obj
         Release\gtp.obj
         Release\brown.obj
         Release\main.obj
         Release\MC_RAVE_Search.obj
         Release\UctSearch.obj
         Release\UCT_Simulator.obj
         正在生成代码
         已完成代码的生成
         Brown2.3.vcxproj -> C:\Users\lenovo\Desktop\围棋AI期末汇总_undecidable\Brown2.3\Release\Brown2.3.exe
     1>已完成生成项目“C:\Users\lenovo\Desktop\围棋AI期末汇总_undecidable\Brown2.3\Brown2.3\Brown2.3.vcxproj”(Build 个目标)的操作。

生成成功。

已用时间 00:00:02.08
